<?xml version="1.0" encoding="UTF-8"?>
<coverage generated="1636676354120" clover="3.2.0">
  <project timestamp="1636676354120" name="All files">
    <metrics statements="8" coveredstatements="1" conditionals="0" coveredconditionals="0" methods="2" coveredmethods="0" elements="10" coveredelements="1" complexity="0" loc="8" ncloc="8" packages="1" files="1" classes="1"/>
    <file name="spaceAge.js" path="/Users/ethanbear/coding/galactic/src/spaceAge.js">
      <metrics statements="8" coveredstatements="1" conditionals="0" coveredconditionals="0" methods="2" coveredmethods="0"/>
      <line num="2" count="0" type="stmt"/>
      <line num="3" count="0" type="stmt"/>
      <line num="4" count="0" type="stmt"/>
      <line num="5" count="0" type="stmt"/>
      <line num="6" count="0" type="stmt"/>
      <line num="7" count="0" type="stmt"/>
      <line num="13" count="1" type="stmt"/>
      <line num="14" count="0" type="stmt"/>
    </file>
  </project>
</coverage>
